<?xml version="1.0" encoding="UTF-8"?>
<testng-results skipped="0" failed="0" ignored="0" total="1" passed="1">
  <reporter-output>
  </reporter-output>
  <suite name="softwaretestingmaterial" duration-ms="2962" started-at="2017-12-17T15:45:26Z" finished-at="2017-12-17T15:45:29Z">
    <groups>
    </groups>
    <test name="testngTest" duration-ms="2962" started-at="2017-12-17T15:45:26Z" finished-at="2017-12-17T15:45:29Z">
      <class name="FirstTest">
        <test-method status="PASS" signature="test()[pri:0, instance:FirstTest@3cef309d]" name="test" duration-ms="2727" started-at="2017-12-17T17:45:26Z" finished-at="2017-12-17T17:45:28Z">
          <reporter-output>
          </reporter-output>
        </test-method> <!-- test -->
        <test-method status="PASS" signature="after()[pri:0, instance:FirstTest@3cef309d]" name="after" is-config="true" duration-ms="0" started-at="2017-12-17T17:45:28Z" finished-at="2017-12-17T17:45:28Z">
          <reporter-output>
          </reporter-output>
        </test-method> <!-- after -->
        <test-method status="PASS" signature="haltSessions()[pri:0, instance:FirstTest@3cef309d]" name="haltSessions" is-config="true" duration-ms="224" started-at="2017-12-17T17:45:28Z" finished-at="2017-12-17T17:45:29Z">
          <reporter-output>
          </reporter-output>
        </test-method> <!-- haltSessions -->
      </class> <!-- FirstTest -->
    </test> <!-- testngTest -->
  </suite> <!-- softwaretestingmaterial -->
</testng-results>
